<?xml version="1.0" encoding="UTF-8"?>
<!-- Generated by org.testng.reporters.JUnitReportReporter -->
<testsuite hostname="DESKTOP-4RV143A" failures="0" tests="1" name="testPackage.ValidLoginTestCase" time="9.808" errors="0" timestamp="2023-06-04T00:07:38 IST" skipped="0">
  <testcase classname="testPackage.ValidLoginTestCase" name="validLoginMethod" time="9.808"/>
  <system-out/>
</testsuite> <!-- testPackage.ValidLoginTestCase -->
