<?xml version="1.0" encoding="UTF-8"?>
<!-- Generated by org.testng.reporters.JUnitReportReporter -->
<testsuite hostname="DESKTOP-4RV143A" failures="0" tests="2" name="testNGFlags.EnabledFlag" time="0.025" errors="0" timestamp="2023-05-26T19:51:48 IST" skipped="1">
  <testcase classname="testNGFlags.EnabledFlag" name="f" time="0.025"/>
  <system-out>
    <![CDATA[Login is Perform]]>
  </system-out>
  <testcase classname="testNGFlags.EnabledFlag" name="g">
    <skipped/>
  </testcase> <!-- g -->
  <system-out/>
</testsuite> <!-- testNGFlags.EnabledFlag -->
