<?xml version="1.0" encoding="UTF-8"?>
<!-- Generated by org.testng.reporters.JUnitReportReporter -->
<testsuite hostname="DESKTOP-4RV143A" failures="0" tests="1" name="testNGpack.DemoTest3" time="13.850" errors="0" timestamp="2023-05-24T20:53:46 IST" skipped="0">
  <testcase classname="testNGpack.DemoTest3" name="test3" time="13.850"/>
  <system-out/>
</testsuite> <!-- testNGpack.DemoTest3 -->
