<?xml version="1.0" encoding="UTF-8"?>
<!-- Generated by org.testng.reporters.JUnitReportReporter -->
<testsuite hostname="DESKTOP-4RV143A" failures="0" tests="3" name="testNGpack.Test3" time="0.011" errors="0" timestamp="2023-05-23T19:20:55 IST" skipped="0">
  <testcase classname="testNGpack.Test3" name="y" time="0.005"/>
  <system-out>
    <![CDATA[y method from test1]]>
  </system-out>
  <testcase classname="testNGpack.Test3" name="z" time="0.004"/>
  <system-out>
    <![CDATA[z method from test1]]>
  </system-out>
  <testcase classname="testNGpack.Test3" name="x" time="0.002"/>
  <system-out>
    <![CDATA[x method from test3]]>
  </system-out>
</testsuite> <!-- testNGpack.Test3 -->
