<?xml version="1.0" encoding="UTF-8"?>
<!-- Generated by org.testng.reporters.JUnitReportReporter -->
<testsuite hostname="DESKTOP-4RV143A" failures="0" tests="2" name="testNGpack.ParellelMethodExe" time="0.054" errors="0" timestamp="2023-05-24T22:26:40 IST" skipped="0">
  <testcase classname="testNGpack.ParellelMethodExe" name="method2" time="0.027"/>
  <system-out>
    <![CDATA[28: is the thread id of Method
method 2]]>
  </system-out>
  <testcase classname="testNGpack.ParellelMethodExe" name="method1" time="0.027"/>
  <system-out>
    <![CDATA[27: is the thread id of Method
method 1]]>
  </system-out>
</testsuite> <!-- testNGpack.ParellelMethodExe -->
