<?xml version="1.0" encoding="UTF-8"?>
<!-- Generated by org.testng.reporters.JUnitReportReporter -->
<testsuite hostname="DESKTOP-4RV143A" failures="0" tests="3" name="testNGpack.Test1" time="0.040" errors="0" timestamp="2023-05-23T19:20:55 IST" skipped="0">
  <testcase classname="testNGpack.Test1" name="c" time="0.003"/>
  <system-out>
    <![CDATA[c method from test1]]>
  </system-out>
  <testcase classname="testNGpack.Test1" name="a" time="0.033"/>
  <system-out>
    <![CDATA[a method from test1]]>
  </system-out>
  <testcase classname="testNGpack.Test1" name="b" time="0.004"/>
  <system-out>
    <![CDATA[b method from test1]]>
  </system-out>
</testsuite> <!-- testNGpack.Test1 -->
