<?xml version="1.0" encoding="UTF-8"?>
<!-- Generated by org.testng.reporters.JUnitReportReporter -->
<testsuite hostname="DESKTOP-4RV143A" failures="0" tests="1" name="testNGpackage.Remo" time="0.006" errors="0" timestamp="2023-05-22T22:22:12 IST" skipped="0">
  <testcase classname="testNGpackage.Remo" name="remo" time="0.006"/>
  <system-out>
    <![CDATA[Hiiiii Java]]>
  </system-out>
</testsuite> <!-- testNGpackage.Remo -->
