<?xml version="1.0" encoding="UTF-8"?>
<!-- Generated by org.testng.reporters.JUnitReportReporter -->
<testsuite hostname="DESKTOP-4RV143A" failures="0" tests="1" name="testNGpackage.Chemo" time="0.033" errors="0" timestamp="2023-05-22T22:22:12 IST" skipped="0">
  <testcase classname="testNGpackage.Chemo" name="chemo" time="0.033"/>
  <system-out>
    <![CDATA[where is Selenium]]>
  </system-out>
</testsuite> <!-- testNGpackage.Chemo -->
