<?xml version="1.0" encoding="UTF-8"?>
<!-- Generated by org.testng.reporters.JUnitReportReporter -->
<testsuite hostname="DESKTOP-4RV143A" failures="0" tests="2" name="testNGpackage.Demo1" time="0.034" errors="0" timestamp="2023-05-22T21:14:47 IST" skipped="0">
  <testcase classname="testNGpackage.Demo1" name="f" time="0.028"/>
  <system-out>
    <![CDATA[Hiiii TestNG]]>
  </system-out>
  <testcase classname="testNGpackage.Demo1" name="g" time="0.006"/>
  <system-out>
    <![CDATA[selenium]]>
  </system-out>
</testsuite> <!-- testNGpackage.Demo1 -->
