<?xml version="1.0" encoding="UTF-8"?>
<!-- Generated by org.testng.reporters.JUnitReportReporter -->
<testsuite hostname="DESKTOP-4RV143A" failures="0" tests="1" name="testNGpack.DemoTest2" time="18.131" errors="0" timestamp="2023-05-24T20:53:46 IST" skipped="0">
  <testcase classname="testNGpack.DemoTest2" name="test2" time="18.131"/>
  <system-out/>
</testsuite> <!-- testNGpack.DemoTest2 -->
