<?xml version="1.0" encoding="UTF-8"?>
<!-- Generated by org.testng.reporters.JUnitReportReporter -->
<testsuite hostname="DESKTOP-4RV143A" failures="0" tests="1" name="testNGpackage.Demo" time="0.007" errors="0" timestamp="2023-05-22T22:22:12 IST" skipped="0">
  <testcase classname="testNGpackage.Demo" name="demo" time="0.007"/>
  <system-out>
    <![CDATA[Hiii TestNg!!!!!]]>
  </system-out>
</testsuite> <!-- testNGpackage.Demo -->
