<?xml version="1.0" encoding="UTF-8"?>
<!-- Generated by org.testng.reporters.JUnitReportReporter -->
<testsuite hostname="DESKTOP-4RV143A" failures="0" tests="3" name="testNGFlags.DependsOnMethod" time="0.026" errors="0" timestamp="2023-05-26T20:18:19 IST" skipped="0">
  <testcase classname="testNGFlags.DependsOnMethod" name="m2" time="0.002"/>
  <system-out>
    <![CDATA[logout perform]]>
  </system-out>
  <testcase classname="testNGFlags.DependsOnMethod" name="g" time="0.003"/>
  <system-out>
    <![CDATA[created User ]]>
  </system-out>
  <testcase classname="testNGFlags.DependsOnMethod" name="m1" time="0.021"/>
  <system-out>
    <![CDATA[login is Perform]]>
  </system-out>
</testsuite> <!-- testNGFlags.DependsOnMethod -->
