<?xml version="1.0" encoding="UTF-8"?>
<!-- Generated by org.testng.reporters.JUnitReportReporter -->
<testsuite hostname="DESKTOP-4RV143A" failures="0" tests="10" name="testNGFlags.InvocationCountFlag" time="0.067" errors="0" timestamp="2023-05-26T19:55:36 IST" skipped="0">
  <testcase classname="testNGFlags.InvocationCountFlag" name="f" time="0.003"/>
  <system-out>
    <![CDATA[Test Case is Pass]]>
  </system-out>
  <testcase classname="testNGFlags.InvocationCountFlag" name="f" time="0.002"/>
  <system-out>
    <![CDATA[Test Case is Pass]]>
  </system-out>
  <testcase classname="testNGFlags.InvocationCountFlag" name="f" time="0.024"/>
  <system-out>
    <![CDATA[Test Case is Pass]]>
  </system-out>
  <testcase classname="testNGFlags.InvocationCountFlag" name="f" time="0.005"/>
  <system-out>
    <![CDATA[Test Case is Pass]]>
  </system-out>
  <testcase classname="testNGFlags.InvocationCountFlag" name="f" time="0.007"/>
  <system-out>
    <![CDATA[Test Case is Pass]]>
  </system-out>
  <testcase classname="testNGFlags.InvocationCountFlag" name="f" time="0.004"/>
  <system-out>
    <![CDATA[Test Case is Pass]]>
  </system-out>
  <testcase classname="testNGFlags.InvocationCountFlag" name="f" time="0.005"/>
  <system-out>
    <![CDATA[Test Case is Pass]]>
  </system-out>
  <testcase classname="testNGFlags.InvocationCountFlag" name="f" time="0.006"/>
  <system-out>
    <![CDATA[Test Case is Pass]]>
  </system-out>
  <testcase classname="testNGFlags.InvocationCountFlag" name="f" time="0.006"/>
  <system-out>
    <![CDATA[Test Case is Pass]]>
  </system-out>
  <testcase classname="testNGFlags.InvocationCountFlag" name="f" time="0.005"/>
  <system-out>
    <![CDATA[Test Case is Pass]]>
  </system-out>
</testsuite> <!-- testNGFlags.InvocationCountFlag -->
