<?xml version="1.0" encoding="UTF-8"?>
<!-- Generated by org.testng.reporters.JUnitReportReporter -->
<testsuite hostname="DESKTOP-4RV143A" failures="0" tests="1" name="testNGAnnotation.Annotations" time="0.037" errors="0" timestamp="2023-05-23T20:09:35 IST" skipped="0">
  <testcase classname="testNGAnnotation.Annotations" name="f" time="0.037"/>
  <system-out>
    <![CDATA[Test Annotation]]>
  </system-out>
</testsuite> <!-- testNGAnnotation.Annotations -->
