<?xml version="1.0" encoding="UTF-8"?>
<!-- Generated by org.testng.reporters.JUnitReportReporter -->
<testsuite hostname="DESKTOP-4RV143A" failures="0" tests="1" name="testNGFlags.DescriptionFlag" time="0.022" errors="0" timestamp="2023-05-26T19:38:26 IST" skipped="0">
  <testcase classname="testNGFlags.DescriptionFlag" name="m1" time="0.022"/>
  <system-out>
    <![CDATA[M1 is login!!!]]>
  </system-out>
</testsuite> <!-- testNGFlags.DescriptionFlag -->
