<?xml version="1.0" encoding="UTF-8"?>
<!-- Generated by org.testng.reporters.JUnitReportReporter -->
<testsuite hostname="DESKTOP-4RV143A" failures="0" tests="3" name="testNGAnnotation.GoogleSearchTestCase" time="38.954" errors="0" timestamp="2023-05-23T20:26:43 IST" skipped="0">
  <testcase classname="testNGAnnotation.GoogleSearchTestCase" name="search1" time="10.307"/>
  <system-out/>
  <testcase classname="testNGAnnotation.GoogleSearchTestCase" name="search3" time="10.238"/>
  <system-out/>
  <testcase classname="testNGAnnotation.GoogleSearchTestCase" name="search2" time="18.409"/>
  <system-out/>
</testsuite> <!-- testNGAnnotation.GoogleSearchTestCase -->
