<?xml version="1.0" encoding="UTF-8"?>
<!-- Generated by org.testng.reporters.JUnitReportReporter -->
<testsuite hostname="DESKTOP-4RV143A" failures="0" tests="3" name="testNGpack.Test2" time="0.012" errors="0" timestamp="2023-05-23T19:20:55 IST" skipped="0">
  <testcase classname="testNGpack.Test2" name="f" time="0.004"/>
  <system-out>
    <![CDATA[f method from test2]]>
  </system-out>
  <testcase classname="testNGpack.Test2" name="g" time="0.004"/>
  <system-out>
    <![CDATA[g method from test1]]>
  </system-out>
  <testcase classname="testNGpack.Test2" name="h" time="0.004"/>
  <system-out>
    <![CDATA[h method from test1]]>
  </system-out>
</testsuite> <!-- testNGpack.Test2 -->
