<?xml version="1.0" encoding="UTF-8"?>
<!-- Generated by org.testng.reporters.JUnitReportReporter -->
<testsuite hostname="DESKTOP-4RV143A" failures="0" tests="6" name="testNGFlags.PriorityFlag" time="0.039" errors="0" timestamp="2023-05-26T20:05:02 IST" skipped="0">
  <testcase classname="testNGFlags.PriorityFlag" name="d" time="0.021"/>
  <system-out>
    <![CDATA[method d]]>
  </system-out>
  <testcase classname="testNGFlags.PriorityFlag" name="z" time="0.002"/>
  <system-out>
    <![CDATA[method z]]>
  </system-out>
  <testcase classname="testNGFlags.PriorityFlag" name="x" time="0.004"/>
  <system-out>
    <![CDATA[method x]]>
  </system-out>
  <testcase classname="testNGFlags.PriorityFlag" name="a" time="0.005"/>
  <system-out>
    <![CDATA[method a]]>
  </system-out>
  <testcase classname="testNGFlags.PriorityFlag" name="f" time="0.003"/>
  <system-out>
    <![CDATA[method f]]>
  </system-out>
  <testcase classname="testNGFlags.PriorityFlag" name="w" time="0.004"/>
  <system-out>
    <![CDATA[method w]]>
  </system-out>
</testsuite> <!-- testNGFlags.PriorityFlag -->
