<?xml version="1.0" encoding="UTF-8"?>
<!-- Generated by org.testng.reporters.JUnitReportReporter -->
<testsuite hostname="DESKTOP-V4KJTOL" failures="0" tests="3" name="testNGFlags.AllwaysRun" time="0.032" errors="0" timestamp="2023-07-14T21:45:15 IST" skipped="0">
  <testcase classname="testNGFlags.AllwaysRun" name="f" time="0.018">
    <system-out>
      <![CDATA[hiiiiiiiiiiiiiii]]>
    </system-out>
  </testcase> <!-- f -->
  <testcase classname="testNGFlags.AllwaysRun" name="g" time="0.003">
    <system-out>
      <![CDATA[Helloooooooo]]>
    </system-out>
  </testcase> <!-- g -->
  <testcase classname="testNGFlags.AllwaysRun" name="h" time="0.011">
    <system-out>
      <![CDATA[How are u]]>
    </system-out>
  </testcase> <!-- h -->
  <system-out>
    <![CDATA[hiiiiiiiiiiiiiii
Helloooooooo
How are u]]>
  </system-out>
</testsuite> <!-- testNGFlags.AllwaysRun -->
