<?xml version="1.0" encoding="UTF-8"?>
<!-- Generated by org.testng.reporters.JUnitReportReporter -->
<testsuite hostname="DESKTOP-4RV143A" failures="0" tests="2" name="testNGExecution.SelectBrowser" time="71.092" errors="0" timestamp="2023-05-26T19:30:31 IST" skipped="0">
  <testcase classname="testNGExecution.SelectBrowser" name="method1" time="13.344"/>
  <system-out/>
  <testcase classname="testNGExecution.SelectBrowser" name="method1" time="57.748"/>
  <system-out/>
</testsuite> <!-- testNGExecution.SelectBrowser -->
