<?xml version="1.0" encoding="UTF-8"?>
<!-- Generated by org.testng.reporters.JUnitReportReporter -->
<testsuite hostname="DESKTOP-4RV143A" failures="0" tests="1" name="testPackage.ValidLoginTestCaseMGR" time="36.544" errors="0" timestamp="2023-06-14T21:12:22 IST" skipped="0">
  <testcase classname="testPackage.ValidLoginTestCaseMGR" name="validTestCase" time="36.544"/>
  <system-out>
    <![CDATA[Browser Open And Test will Be Start!!!!!
Test Execute SuccusessFully!!!!!]]>
  </system-out>
</testsuite> <!-- testPackage.ValidLoginTestCaseMGR -->
