<?xml version="1.0" encoding="UTF-8"?>
<!-- Generated by org.testng.reporters.JUnitReportReporter -->
<testsuite hostname="DESKTOP-4RV143A" failures="0" tests="1" name="testPackage.ValidLoginTestCase" time="38.094" errors="0" timestamp="2023-06-14T21:12:22 IST" skipped="0">
  <testcase classname="testPackage.ValidLoginTestCase" name="validTestCase" time="38.094"/>
  <system-out>
    <![CDATA[Browser Open And Test will Be Start!!!!!
Test Execute SuccusessFully!!!!!]]>
  </system-out>
</testsuite> <!-- testPackage.ValidLoginTestCase -->
